<?xml version="1.0" encoding="UTF-8"?>
<testng-results ignored="0" total="1" passed="1" failed="0" skipped="0">
  <reporter-output>
  </reporter-output>
  <suite started-at="2022-02-20T15:10:48 CET" name="Default suite" finished-at="2022-02-20T15:10:52 CET" duration-ms="4219">
    <groups>
    </groups>
    <test started-at="2022-02-20T15:10:48 CET" name="Default test" finished-at="2022-02-20T15:10:52 CET" duration-ms="4219">
      <class name="tests.NewTest">
        <test-method is-config="true" signature="beforeClass()[pri:0, instance:tests.NewTest@2f9f7dcf]" started-at="2022-02-20T15:10:48 CET" name="beforeClass" finished-at="2022-02-20T15:10:50 CET" duration-ms="1452" status="PASS">
          <reporter-output>
          </reporter-output>
        </test-method> <!-- beforeClass -->
        <test-method signature="openMyBlog()[pri:0, instance:tests.NewTest@2f9f7dcf]" started-at="2022-02-20T15:10:50 CET" name="openMyBlog" finished-at="2022-02-20T15:10:52 CET" duration-ms="1906" status="PASS">
          <reporter-output>
          </reporter-output>
        </test-method> <!-- openMyBlog -->
        <test-method is-config="true" signature="afterClass()[pri:0, instance:tests.NewTest@2f9f7dcf]" started-at="2022-02-20T15:10:52 CET" name="afterClass" finished-at="2022-02-20T15:10:52 CET" duration-ms="846" status="PASS">
          <reporter-output>
          </reporter-output>
        </test-method> <!-- afterClass -->
      </class> <!-- tests.NewTest -->
    </test> <!-- Default test -->
  </suite> <!-- Default suite -->
</testng-results>
